[debug] [2021-11-08T15:52:30.009Z] ----------------------------------------------------------------------
[debug] [2021-11-08T15:52:30.018Z] Command:       /usr/local/bin/firebase /home/sumon6638/.cache/firebase/tools/lib/node_modules/firebase-tools/lib/bin/firebase deploy
[debug] [2021-11-08T15:52:30.020Z] CLI Version:   9.20.0
[debug] [2021-11-08T15:52:30.020Z] Platform:      linux
[debug] [2021-11-08T15:52:30.020Z] Node Version:  v12.18.1
[debug] [2021-11-08T15:52:30.030Z] Time:          Mon Nov 08 2021 21:52:30 GMT+0600 (Bangladesh Standard Time)
[debug] [2021-11-08T15:52:30.030Z] ----------------------------------------------------------------------
[debug] 
[debug] [2021-11-08T15:52:30.204Z] > command requires scopes: ["email","openid","https://www.googleapis.com/auth/cloudplatformprojects.readonly","https://www.googleapis.com/auth/firebase","https://www.googleapis.com/auth/cloud-platform"]
[debug] [2021-11-08T15:52:30.206Z] > authorizing via signed-in user (mdsumoncse19@gmail.com)
[debug] [2021-11-08T15:52:30.207Z] [iam] checking project doctors-portal-accb7 for permissions ["firebase.projects.get","firebasehosting.sites.update"]
[debug] [2021-11-08T15:52:30.215Z] >>> HTTP REQUEST POST https://cloudresourcemanager.googleapis.com/v1/projects/doctors-portal-accb7:testIamPermissions  
 {"permissions":["firebase.projects.get","firebasehosting.sites.update"]}
[debug] [2021-11-08T15:52:31.611Z] <<< HTTP RESPONSE 200 {"content-type":"application/json; charset=UTF-8","vary":"X-Origin, Referer, Origin,Accept-Encoding","date":"Mon, 08 Nov 2021 15:52:32 GMT","server":"ESF","cache-control":"private","x-xss-protection":"0","x-frame-options":"SAMEORIGIN","x-content-type-options":"nosniff","server-timing":"gfet4t7; dur=958","alt-svc":"h3=\":443\"; ma=2592000,h3-29=\":443\"; ma=2592000,h3-Q050=\":443\"; ma=2592000,h3-Q046=\":443\"; ma=2592000,h3-Q043=\":443\"; ma=2592000,quic=\":443\"; ma=2592000; v=\"46,43\"","accept-ranges":"none","transfer-encoding":"chunked"}
[debug] [2021-11-08T15:52:31.616Z] > refreshing access token with scopes: []
[debug] [2021-11-08T15:52:31.616Z] >>> HTTP REQUEST POST https://www.googleapis.com/oauth2/v3/token  
 <request body omitted>
[debug] [2021-11-08T15:52:31.947Z] <<< HTTP RESPONSE 200 {"expires":"Mon, 01 Jan 1990 00:00:00 GMT","date":"Mon, 08 Nov 2021 15:52:32 GMT","cache-control":"no-cache, no-store, max-age=0, must-revalidate","pragma":"no-cache","content-type":"application/json; charset=utf-8","vary":"X-Origin, Referer, Origin,Accept-Encoding","server":"scaffolding on HTTPServer2","x-xss-protection":"0","x-frame-options":"SAMEORIGIN","x-content-type-options":"nosniff","alt-svc":"h3=\":443\"; ma=2592000,h3-29=\":443\"; ma=2592000,h3-Q050=\":443\"; ma=2592000,h3-Q046=\":443\"; ma=2592000,h3-Q043=\":443\"; ma=2592000,quic=\":443\"; ma=2592000; v=\"46,43\"","accept-ranges":"none","transfer-encoding":"chunked"}
[debug] [2021-11-08T15:52:31.954Z] >>> [apiv2][query] GET https://firebase.googleapis.com/v1beta1/projects/doctors-portal-accb7 [none]
[debug] [2021-11-08T15:52:32.618Z] <<< [apiv2][status] GET https://firebase.googleapis.com/v1beta1/projects/doctors-portal-accb7 200
[debug] [2021-11-08T15:52:32.618Z] <<< [apiv2][body] GET https://firebase.googleapis.com/v1beta1/projects/doctors-portal-accb7 {"projectId":"doctors-portal-accb7","projectNumber":"246630718802","displayName":"doctors-portal","name":"projects/doctors-portal-accb7","resources":{"hostingSite":"doctors-portal-accb7"},"state":"ACTIVE"}
[info] 
[info] === Deploying to 'doctors-portal-accb7'...
[info] 
[info] i  deploying hosting 
[debug] [2021-11-08T15:52:32.625Z] > refreshing access token with scopes: ["email","https://www.googleapis.com/auth/cloud-platform","https://www.googleapis.com/auth/cloudplatformprojects.readonly","https://www.googleapis.com/auth/firebase","openid"]
[debug] [2021-11-08T15:52:32.625Z] >>> HTTP REQUEST POST https://www.googleapis.com/oauth2/v3/token  
 <request body omitted>
[debug] [2021-11-08T15:52:32.973Z] <<< HTTP RESPONSE 200 {"pragma":"no-cache","expires":"Mon, 01 Jan 1990 00:00:00 GMT","cache-control":"no-cache, no-store, max-age=0, must-revalidate","date":"Mon, 08 Nov 2021 15:52:33 GMT","content-type":"application/json; charset=utf-8","vary":"X-Origin, Referer, Origin,Accept-Encoding","server":"scaffolding on HTTPServer2","x-xss-protection":"0","x-frame-options":"SAMEORIGIN","x-content-type-options":"nosniff","alt-svc":"h3=\":443\"; ma=2592000,h3-29=\":443\"; ma=2592000,h3-Q050=\":443\"; ma=2592000,h3-Q046=\":443\"; ma=2592000,h3-Q043=\":443\"; ma=2592000,quic=\":443\"; ma=2592000; v=\"46,43\"","accept-ranges":"none","transfer-encoding":"chunked"}
[debug] [2021-11-08T15:52:32.981Z] >>> HTTP REQUEST POST https://firebasehosting.googleapis.com/v1beta1/sites/doctors-portal-accb7/versions  
 {"config":{"rewrites":[{"glob":"**","path":"/index.html"}]},"labels":{"deployment-tool":"cli-firebase"}}
[debug] [2021-11-08T15:52:34.796Z] <<< HTTP RESPONSE 200 {"content-type":"application/json; charset=UTF-8","vary":"X-Origin, Referer, Origin,Accept-Encoding","date":"Mon, 08 Nov 2021 15:52:35 GMT","server":"ESF","cache-control":"private","x-xss-protection":"0","x-frame-options":"SAMEORIGIN","x-content-type-options":"nosniff","alt-svc":"h3=\":443\"; ma=2592000,h3-29=\":443\"; ma=2592000,h3-Q050=\":443\"; ma=2592000,h3-Q046=\":443\"; ma=2592000,h3-Q043=\":443\"; ma=2592000,quic=\":443\"; ma=2592000; v=\"46,43\"","accept-ranges":"none","transfer-encoding":"chunked"}
[info] i  hosting[doctors-portal-accb7]: beginning deploy... 
[info] i  hosting[doctors-portal-accb7]: found 23 files in build 
[debug] [2021-11-08T15:52:35.269Z] > refreshing access token with scopes: []
[debug] [2021-11-08T15:52:35.269Z] >>> HTTP REQUEST POST https://www.googleapis.com/oauth2/v3/token  
 <request body omitted>
[debug] [2021-11-08T15:52:35.274Z] [hosting] hash cache [YnVpbGQ] stored for 23 files
[debug] [2021-11-08T15:52:35.274Z] [hosting][hash queue][FINAL] {"max":439,"min":36,"avg":68.43478260869566,"active":0,"complete":23,"success":23,"errored":0,"retried":0,"total":23,"elapsed":453}
[debug] [2021-11-08T15:52:35.605Z] <<< HTTP RESPONSE 200 {"pragma":"no-cache","cache-control":"no-cache, no-store, max-age=0, must-revalidate","date":"Mon, 08 Nov 2021 15:52:36 GMT","expires":"Mon, 01 Jan 1990 00:00:00 GMT","content-type":"application/json; charset=utf-8","vary":"X-Origin, Referer, Origin,Accept-Encoding","server":"scaffolding on HTTPServer2","x-xss-protection":"0","x-frame-options":"SAMEORIGIN","x-content-type-options":"nosniff","alt-svc":"h3=\":443\"; ma=2592000,h3-29=\":443\"; ma=2592000,h3-Q050=\":443\"; ma=2592000,h3-Q046=\":443\"; ma=2592000,h3-Q043=\":443\"; ma=2592000,quic=\":443\"; ma=2592000; v=\"46,43\"","accept-ranges":"none","transfer-encoding":"chunked"}
[debug] [2021-11-08T15:52:35.614Z] >>> [apiv2][query] POST https://firebasehosting.googleapis.com/v1beta1/sites/doctors-portal-accb7/versions/cb7fe2a5532bdbcc:populateFiles [none]
[debug] [2021-11-08T15:52:35.614Z] >>> [apiv2][body] POST https://firebasehosting.googleapis.com/v1beta1/sites/doctors-portal-accb7/versions/cb7fe2a5532bdbcc:populateFiles {"files":{"/asset-manifest.json":"e2e4fb079876accb1efa0e2b9b4c63722c10694844f3d2fb079835eaf3acee9c","/favicon.ico":"c599b7a91ab3627e3538125d9f40adc2d4bf949046984262670545dc7738af06","/index.html":"14d6c3d3543cad4c22387b14e969a0449bb74629774054473160cc0001f50026","/logo192.png":"76c449ccb9cd117c2f2338f091b18f7050f3210e249b2228f5c81b23f34377cd","/logo512.png":"7779210d56c1f3741e2e487799fe3092def4fa6ac450a60532b807c3a8971205","/manifest.json":"0958a5e0c831126100c8c2d06a6bbaa665a3900f21aaff4130238a6f5a113aa1","/robots.txt":"2544ca049f223a42bff01f72ad930a5edba75bbb7199d0f8430a02ff5aca16ec","/static/css/main.a617e044.chunk.css":"42cb0c9d6391071fb964467ef4e05e628af3239b7febd512b0bab79876dc9fba","/static/js/3.0702c67d.chunk.js":"13cf646140c3092872efe08f3cb7a3b22b3a973ac1c9873355166d38acce7d2b","/static/css/main.a617e044.chunk.css.map":"d7aa4f5436735d994332675cb567f700e86e3f29ecebe0e1e174b23bab7ee50a","/static/js/2.08dc66f6.chunk.js.LICENSE.txt":"3302bf864868c34780ab284a633da59f14496d03e5ec413c1a83c06b89ef917c","/static/js/runtime-main.debd6e75.js":"362e143bf8326030a6fa6fa53287c51d701bd2f3de44b5e555442452bbc13cb2","/static/js/runtime-main.debd6e75.js.map":"4f25c7590b9c93a252c7c7d8af63fb746274be9686f547d45e3e811116222271","/static/js/3.0702c67d.chunk.js.map":"a759fec7ae5df2324edddd906b79d2b424f1bfc46df474e72b70e82080988b60","/static/js/main.2ecfe3e4.chunk.js":"81da74292d2c59dfaa598d2ad66cae4661316887246851e50178ad025d38f776","/static/js/main.2ecfe3e4.chunk.js.map":"25f5152ec3b640ea1e7737cb82edb98e0ed89bff1d361c8f9489023e92c5931a","/static/media/login.fe92a7a6.png":"6021afaeffafe8abd8f8ae7e703336a426fed038201528ecdafcb14dcfeefc36","/static/media/doctor.0a279a5b.png":"3a9a839412cc745c9af4d1552f2eb80ca9fc99847673ceec852fcf7eacc72996","/static/media/chair.3ca333d1.png":"daff7c308d3081e2d313cb00d8bea30b4f4e38293f5a1d93d64d430a0b131b8b","/static/media/bg.33b42bf9.png":"a52d489258038cfbe11c98dc0c2cb0e762dd30aa2754ee265962a311f29a4a9a","/static/js/2.08dc66f6.chunk.js":"9d66b34074f2bc5a5d0eebf5539ad56caf13446e1bcc727f30c8d5bd6fe5b40d","/static/media/appointment-bg.eb42256e.png":"1fc69d37d7bef83b5cbcb9b1edf5199050e8a3d837c544d9cc971d7f9a9d8e60","/static/js/2.08dc66f6.chunk.js.map":"1d2c4a7c1682352680579439c4d472953a078ee6dbdff95a8188ffe8eab431e3"}}
